#
# There is insufficient memory for the Java Runtime Environment to continue.
# Native memory allocation (mmap) failed to map 201326592 bytes for Failed to commit area from 0x0000000741c00000 to 0x000000074dc00000 of length 201326592.
# Possible reasons:
#   The system is out of physical RAM or swap space
#   The process is running with CompressedOops enabled, and the Java Heap may be blocking the growth of the native heap
# Possible solutions:
#   Reduce memory load on the system
#   Increase physical memory or swap space
#   Check if swap backing store is full
#   Decrease Java heap size (-Xmx/-Xms)
#   Decrease number of Java threads
#   Decrease Java thread stack sizes (-Xss)
#   Set larger code cache with -XX:ReservedCodeCacheSize=
# This output file may be truncated or incomplete.
#
#  Out of Memory Error (c:/BuildAgent/work/5ff2f6c26000d570/src/hotspot/os/windows/os_windows.cpp:3291), pid=8396, tid=17736
#
# JRE version:  (11.0.5+10) (build )
# Java VM: OpenJDK 64-Bit Server VM (11.0.5+10-b520.38, mixed mode, aot, sharing, tiered, compressed oops, g1 gc, windows-amd64)
# No core dump will be written. Minidumps are not enabled by default on client versions of Windows
#

---------------  S U M M A R Y ------------

Command Line: -XX:TieredStopAtLevel=1 -Xverify:none -Dspring.output.ansi.enabled=always -Dcom.sun.management.jmxremote -Dspring.jmx.enabled=true -Dspring.liveBeansView.mbeanDomain -Dspring.application.admin.enabled=true -javaagent:D:\idea\IntelliJ IDEA 2019.3.3\lib\idea_rt.jar=55975:D:\idea\IntelliJ IDEA 2019.3.3\bin -Dfile.encoding=UTF-8 com.zixishi.zhanwei.ZhanweiApplication

Host: Intel(R) Core(TM) i7-7500U CPU @ 2.70GHz, 4 cores, 11G,  Windows 10 , 64 bit Build 18362 (10.0.18362.329)
Time: Fri Mar 26 15:23:04 2021 ?D1¨²¡À¨º¡Á?¨º¡À?? elapsed time: 0 seconds (0d 0h 0m 0s)

---------------  T H R E A D  ---------------

Current thread (0x000002292d16d000):  JavaThread "Unknown thread" [_thread_in_vm, id=17736, stack(0x00000044fa500000,0x00000044fa600000)]

Stack: [0x00000044fa500000,0x00000044fa600000]
Native frames: (J=compiled Java code, j=interpreted, Vv=VM code, C=native code)
V  [jvm.dll+0x5dcafa]
V  [jvm.dll+0x70e375]
V  [jvm.dll+0x70f898]
V  [jvm.dll+0x70ff63]
V  [jvm.dll+0x23e238]
V  [jvm.dll+0x5da1c4]
V  [jvm.dll+0x5cf265]
V  [jvm.dll+0x2fac3b]
V  [jvm.dll+0x2fabaa]
V  [jvm.dll+0x2faa82]
V  [jvm.dll+0x2ff956]
V  [jvm.dll+0x3480d3]
V  [jvm.dll+0x3487d6]
V  [jvm.dll+0x3481d3]
V  [jvm.dll+0x2d5548]
V  [jvm.dll+0x2d66e7]
V  [jvm.dll+0x6ed237]
V  [jvm.dll+0x6eea2c]
V  [jvm.dll+0x355849]
V  [jvm.dll+0x6d239e]
V  [jvm.dll+0x3be283]
V  [jvm.dll+0x3c0701]
C  [jli.dll+0x5363]
C  [ucrtbase.dll+0x20e72]
C  [KERNEL32.DLL+0x17bd4]
C  [ntdll.dll+0x6ced1]


---------------  P R O C E S S  ---------------

Threads class SMR info:
_java_thread_list=0x000002292d0365c0, length=0, elements={
}

Java Threads: ( => current thread )

Other Threads:
  0x000002292d184800 GCTaskThread "GC Thread#0" [stack: 0x00000044fa600000,0x00000044fa700000] [id=13652]
  0x000002292d1cc800 ConcurrentGCThread "G1 Main Marker" [stack: 0x00000044fa700000,0x00000044fa800000] [id=7584]
  0x000002292d1cd800 ConcurrentGCThread "G1 Conc#0" [stack: 0x00000044fa800000,0x00000044fa900000] [id=10796]

[error occurred during error reporting (printing all threads), id 0xc0000005, EXCEPTION_ACCESS_VIOLATION (0xc0000005) at pc=0x00007ff849c65c17]

VM state:not at safepoint (not fully initialized)

VM Mutex/Monitor currently owned by a thread:  ([mutex/lock_event])
[0x000002292d169c50] Heap_lock - owner thread: 0x000002292d16d000

Heap address: 0x0000000741c00000, size: 3044 MB, Compressed Oops mode: Non-zero based: 0x0000000741c00000
Narrow klass base: 0x0000000000000000, Narrow klass shift: 0

GC Heap History (0 events):
No events

Deoptimization events (0 events):
No events

Classes redefined (0 events):
No events

Internal exceptions (0 events):
No events

Events (0 events):
No events


Dynamic libraries:
0x00007ff733cc0000 - 0x00007ff733cca000 	D:\idea\IntelliJ IDEA 2019.3.3\jbr\bin\java.exe
0x00007ff8822e0000 - 0x00007ff8824d0000 	C:\Windows\SYSTEM32\ntdll.dll
0x00007ff880510000 - 0x00007ff8805c2000 	C:\Windows\System32\KERNEL32.DLL
0x00007ff87f860000 - 0x00007ff87fb03000 	C:\Windows\System32\KERNELBASE.dll
0x00007ff881e90000 - 0x00007ff881f33000 	C:\Windows\System32\ADVAPI32.DLL
0x00007ff881400000 - 0x00007ff88149e000 	C:\Windows\System32\msvcrt.dll
0x00007ff882020000 - 0x00007ff8820b7000 	C:\Windows\System32\sechost.dll
0x00007ff882180000 - 0x00007ff8822a0000 	C:\Windows\System32\RPCRT4.dll
0x00007ff87f760000 - 0x00007ff87f85a000 	C:\Windows\System32\ucrtbase.dll
0x00007ff878210000 - 0x00007ff878229000 	D:\idea\IntelliJ IDEA 2019.3.3\jbr\bin\jli.dll
0x00007ff8814d0000 - 0x00007ff881664000 	C:\Windows\System32\USER32.dll
0x00007ff8802e0000 - 0x00007ff880301000 	C:\Windows\System32\win32u.dll
0x00007ff8814a0000 - 0x00007ff8814c6000 	C:\Windows\System32\GDI32.dll
0x00007ff87f2d0000 - 0x00007ff87f464000 	C:\Windows\System32\gdi32full.dll
0x00007ff87f610000 - 0x00007ff87f6ae000 	C:\Windows\System32\msvcp_win.dll
0x00007ff87b0a0000 - 0x00007ff87b0b7000 	D:\idea\IntelliJ IDEA 2019.3.3\jbr\bin\VCRUNTIME140.dll
0x00007ff86cfc0000 - 0x00007ff86d245000 	C:\Windows\WinSxS\amd64_microsoft.windows.common-controls_6595b64144ccf1df_6.0.18362.693_none_e6c1b3c11311d480\COMCTL32.dll
0x00007ff881670000 - 0x00007ff8819a6000 	C:\Windows\System32\combase.dll
0x00007ff880310000 - 0x00007ff880390000 	C:\Windows\System32\bcryptPrimitives.dll
0x00007ff881210000 - 0x00007ff88123e000 	C:\Windows\System32\IMM32.DLL
0x00007ff8744c0000 - 0x00007ff87455d000 	D:\idea\IntelliJ IDEA 2019.3.3\jbr\bin\msvcp140.dll
0x00007ff849980000 - 0x00007ff84a43b000 	D:\idea\IntelliJ IDEA 2019.3.3\jbr\bin\server\jvm.dll
0x00007ff882010000 - 0x00007ff882018000 	C:\Windows\System32\PSAPI.DLL
0x00007ff87c750000 - 0x00007ff87c774000 	C:\Windows\SYSTEM32\WINMM.dll
0x00007ff878bc0000 - 0x00007ff878bc9000 	C:\Windows\SYSTEM32\WSOCK32.dll
0x00007ff880640000 - 0x00007ff8806af000 	C:\Windows\System32\WS2_32.dll
0x00007ff87c720000 - 0x00007ff87c74d000 	C:\Windows\SYSTEM32\WINMMBASE.dll
0x00007ff87f5c0000 - 0x00007ff87f60a000 	C:\Windows\System32\cfgmgr32.dll
0x00007ff876a90000 - 0x00007ff876a9a000 	C:\Windows\SYSTEM32\VERSION.dll
0x00007ff87f220000 - 0x00007ff87f231000 	C:\Windows\System32\kernel.appcore.dll
0x00007ff8789e0000 - 0x00007ff8789f1000 	D:\idea\IntelliJ IDEA 2019.3.3\jbr\bin\verify.dll
0x00007ff87db00000 - 0x00007ff87dcf4000 	C:\Windows\SYSTEM32\DBGHELP.DLL
0x00007ff868d60000 - 0x00007ff868d8a000 	C:\Windows\SYSTEM32\dbgcore.DLL
0x00007ff877990000 - 0x00007ff8779b9000 	D:\idea\IntelliJ IDEA 2019.3.3\jbr\bin\java.dll
0x00007ff878b40000 - 0x00007ff878b4f000 	D:\idea\IntelliJ IDEA 2019.3.3\jbr\bin\instrument.dll
0x00007ff877970000 - 0x00007ff877987000 	D:\idea\IntelliJ IDEA 2019.3.3\jbr\bin\zip.dll
0x00007ff878a40000 - 0x00007ff878a4b000 	D:\idea\IntelliJ IDEA 2019.3.3\jbr\bin\jimage.dll

dbghelp: loaded successfully - version: 4.0.5 - missing functions: none
symbol engine: initialized successfully - sym options: 0x614 - pdb path: .;D:\idea\IntelliJ IDEA 2019.3.3\jbr\bin;C:\Windows\SYSTEM32;C:\Windows\WinSxS\amd64_microsoft.windows.common-controls_6595b64144ccf1df_6.0.18362.693_none_e6c1b3c11311d480;D:\idea\IntelliJ IDEA 2019.3.3\jbr\bin\server

VM Arguments:
jvm_args: -XX:TieredStopAtLevel=1 -Xverify:none -Dspring.output.ansi.enabled=always -Dcom.sun.management.jmxremote -Dspring.jmx.enabled=true -Dspring.liveBeansView.mbeanDomain -Dspring.application.admin.enabled=true -javaagent:D:\idea\IntelliJ IDEA 2019.3.3\lib\idea_rt.jar=55975:D:\idea\IntelliJ IDEA 2019.3.3\bin -Dfile.encoding=UTF-8 
java_command: com.zixishi.zhanwei.ZhanweiApplication
java_class_path (initial): D:\myproject\MyBiYeSheJi-master\target\classes;D:\maven\apache-maven-3.5.2\maven_repository\org\springframework\boot\spring-boot-starter-web\2.4.1\spring-boot-starter-web-2.4.1.jar;D:\maven\apache-maven-3.5.2\maven_repository\org\springframework\boot\spring-boot-starter\2.4.1\spring-boot-starter-2.4.1.jar;D:\maven\apache-maven-3.5.2\maven_repository\org\springframework\boot\spring-boot\2.4.1\spring-boot-2.4.1.jar;D:\maven\apache-maven-3.5.2\maven_repository\org\springframework\boot\spring-boot-autoconfigure\2.4.1\spring-boot-autoconfigure-2.4.1.jar;D:\maven\apache-maven-3.5.2\maven_repository\org\springframework\boot\spring-boot-starter-logging\2.4.1\spring-boot-starter-logging-2.4.1.jar;D:\maven\apache-maven-3.5.2\maven_repository\ch\qos\logback\logback-classic\1.2.3\logback-classic-1.2.3.jar;D:\maven\apache-maven-3.5.2\maven_repository\ch\qos\logback\logback-core\1.2.3\logback-core-1.2.3.jar;D:\maven\apache-maven-3.5.2\maven_repository\org\apache\logging\log4j\log4j-to-slf4j\2.13.3\log4j-to-slf4j-2.13.3.jar;D:\maven\apache-maven-3.5.2\maven_repository\org\apache\logging\log4j\log4j-api\2.13.3\log4j-api-2.13.3.jar;D:\maven\apache-maven-3.5.2\maven_repository\org\slf4j\jul-to-slf4j\1.7.30\jul-to-slf4j-1.7.30.jar;D:\maven\apache-maven-3.5.2\maven_repository\jakarta\annotation\jakarta.annotation-api\1.3.5\jakarta.annotation-api-1.3.5.jar;D:\maven\apache-maven-3.5.2\maven_repository\org\springframework\spring-core\5.3.2\spring-core-5.3.2.jar;D:\maven\apache-maven-3.5.2\maven_repository\org\springframework\spring-jcl\5.3.2\spring-jcl-5.3.2.jar;D:\maven\apache-maven-3.5.2\maven_repository\org\yaml\snakeyaml\1.27\snakeyaml-1.27.jar;D:\maven\apache-maven-3.5.2\maven_repository\org\springframework\boot\spring-boot-starter-json\2.4.1\spring-boot-starter-json-2.4.1.jar;D:\maven\apache-maven-3.5.2\maven_repository\com\fasterxml\jackson\core\jackson-databind\2.11.3\jackson-databind-2.11.3.jar;D:\maven\apache-maven-3.5.2\maven_repository\com\fasterxm
Launcher Type: SUN_STANDARD

[Global flags]
     bool BytecodeVerificationLocal                = false                                     {product} {command line}
     bool BytecodeVerificationRemote               = false                                     {product} {command line}
     intx CICompilerCount                          = 3                                         {product} {ergonomic}
     uint ConcGCThreads                            = 1                                         {product} {ergonomic}
     uint G1ConcRefinementThreads                  = 4                                         {product} {ergonomic}
   size_t G1HeapRegionSize                         = 1048576                                   {product} {ergonomic}
    uintx GCDrainStackTargetSize                   = 64                                        {product} {ergonomic}
   size_t InitialHeapSize                          = 201326592                                 {product} {ergonomic}
     bool ManagementServer                         = true                                      {product} {command line}
   size_t MarkStackSize                            = 4194304                                   {product} {ergonomic}
   size_t MaxHeapSize                              = 3191865344                                {product} {ergonomic}
   size_t MinHeapDeltaBytes                        = 1048576                                   {product} {ergonomic}
    uintx NonNMethodCodeHeapSize                   = 6973028                                {pd product} {ergonomic}
    uintx NonProfiledCodeHeapSize                  = 244685212                              {pd product} {ergonomic}
    uintx ProfiledCodeHeapSize                     = 0                                      {pd product} {ergonomic}
    uintx ReservedCodeCacheSize                    = 251658240                              {pd product} {ergonomic}
     bool SegmentedCodeCache                       = true                                      {product} {ergonomic}
     intx TieredStopAtLevel                        = 1                                         {product} {command line}
     bool UseCompressedClassPointers               = true                                 {lp64_product} {ergonomic}
     bool UseCompressedOops                        = true                                 {lp64_product} {ergonomic}
     bool UseG1GC                                  = true                                      {product} {ergonomic}
     bool UseLargePagesIndividualAllocation        = false                                  {pd product} {ergonomic}

Logging:
Log output configuration:
 #0: stdout all=warning uptime,level,tags
 #1: stderr all=off uptime,level,tags

Environment Variables:
JAVA_HOME=D:\jdk\jdk8
PATH=C:\Windows\system32;C:\Windows;C:\Windows\System32\Wbem;C:\Windows\System32\WindowsPowerShell\v1.0\;C:\Program Files (x86)\NVIDIA Corporation\PhysX\Common;D:\nodejs\;D:\Git\cmd;C:\Program Files\MySQL\MySQL Shell 8.0\bin\;C:\Users\Administrator\AppData\Local\Microsoft\WindowsApps;D:\jdk\jdk8\bin;D:\Microsoft VS Code\bin;D:\nodejs\node_global;C:\Users\Administrator\AppData\Roaming\npm;D:\Git\bin;D:\Git\mingw64\libexec\git-core;D:\Git\mingw64\bin;
USERNAME=Administrator
OS=Windows_NT
PROCESSOR_IDENTIFIER=Intel64 Family 6 Model 142 Stepping 9, GenuineIntel



---------------  S Y S T E M  ---------------

OS: Windows 10 , 64 bit Build 18362 (10.0.18362.329)

CPU:total 4 (initial active 4) (2 cores per cpu, 2 threads per core) family 6 model 142 stepping 9, cmov, cx8, fxsr, mmx, sse, sse2, sse3, ssse3, sse4.1, sse4.2, popcnt, avx, avx2, aes, clmul, erms, 3dnowpref, lzcnt, ht, tsc, tscinvbit, bmi1, bmi2, adx, fma

Memory: 4k page, system-wide physical 12168M (3847M free)
TotalPageFile size 26477M (AvailPageFile size 130M)
current process WorkingSet (physical memory assigned to process): 10M, peak: 10M
current process commit charge ("private bytes"): 49M, peak: 241M

vm_info: OpenJDK 64-Bit Server VM (11.0.5+10-b520.38) for windows-amd64 JRE (11.0.5+10-b520.38), built on Jan 23 2020 07:58:32 by "" with MS VC++ 14.0 (VS2015)

END.
